INFO:hackathon.launcher:app launching...
ERROR:hackathon.launcher:app.yml not exists!
[I 151114 11:30:08 server:271] Serving on http://127.0.0.1:5500
[I 151114 11:30:08 handlers:58] Start watching changes
[I 151114 11:30:08 handlers:60] Start detecting changes
INFO:hackathon.launcher:app launching...
ERROR:hackathon.launcher:app.yml not exists!
INFO:hackathon.launcher:app launching...
ERROR:hackathon.launcher:app.yml not exists!
[I 151114 17:21:32 server:271] Serving on http://127.0.0.1:5500
[I 151114 17:21:32 handlers:58] Start watching changes
[I 151114 17:21:32 handlers:60] Start detecting changes
INFO:hackathon.launcher:app launching...
ERROR:hackathon.launcher:app.yml not exists!
[I 151114 18:25:25 hackathon-appreload:13] app restarting...
[I 151114 18:25:25 hackathon-appreload:23] app restarted...
INFO:hackathon.launcher:app launching...
ERROR:hackathon.launcher:app.yml not exists!
INFO:hackathon.launcher:app launching...
ERROR:hackathon.launcher:app.yml not exists!
